<?xml version="1.0" encoding="UTF-8"?>
<!-- Generated by org.testng.reporters.JUnitReportReporter -->
<testsuite hostname="Gio-MacBook-Pro.local" name="APITest" tests="3" failures="0" timestamp="15 Jun 2016 04:10:58 GMT" time="4.539" errors="0">
  <testcase name="verifyTitleInResponseBody" time="2.384" classname="APITest"/>
  <testcase name="verifyStatus" time="0.819" classname="APITest"/>
  <testcase name="verifyResponseType" time="1.336" classname="APITest"/>
</testsuite> <!-- APITest -->
