<?xml version="1.0" encoding="UTF-8"?>
<!-- Generated by org.testng.reporters.JUnitReportReporter -->
<testsuite hostname="Gio-MacBook-Pro.local" name="APITest" tests="1" failures="0" timestamp="15 Jun 2016 01:09:41 GMT" time="2.867" errors="0">
  <testcase name="testStatus" time="2.867" classname="APITest"/>
</testsuite> <!-- APITest -->
